# JRE version: OpenJDK Runtime Environment (11.0.13) (build 11.0.13+0-b1751.21-8125866)
# Java VM: OpenJDK 64-Bit Server VM (11.0.13+0-b1751.21-8125866, mixed mode, tiered, compressed oops, g1 gc, windows-amd64)
Heap:
 garbage-first heap   total 936960K, used 146422K [0x0000000080000000, 0x0000000100000000)
  region size 1024K, 1 young (1024K), 1 survivors (1024K)
 Metaspace       used 125826K, capacity 128858K, committed 128944K, reserved 1161216K
  class space    used 15405K, capacity 16566K, committed 16640K, reserved 1048576K
GC Heap History (20 events):
Event: 427.602 GC heap after
{Heap after GC invocations=130 (full 0):
 garbage-first heap   total 251904K, used 133049K [0x0000000080000000, 0x0000000100000000)
  region size 1024K, 2 young (2048K), 2 survivors (2048K)
 Metaspace       used 111784K, capacity 114251K, committed 114480K, reserved 1148928K
  class space    used 13733K, capacity 14616K, committed 14720K, reserved 1048576K
}
Event: 429.309 GC heap before
{Heap before GC invocations=130 (full 0):
 garbage-first heap   total 251904K, used 146361K [0x0000000080000000, 0x0000000100000000)
  region size 1024K, 15 young (15360K), 2 survivors (2048K)
 Metaspace       used 113352K, capacity 115800K, committed 115888K, reserved 1150976K
  class space    used 13890K, capacity 14765K, committed 14848K, reserved 1048576K
}
Event: 429.330 GC heap after
{Heap after GC invocations=131 (full 0):
 garbage-first heap   total 251904K, used 135210K [0x0000000080000000, 0x0000000100000000)
  region size 1024K, 2 young (2048K), 2 survivors (2048K)
 Metaspace       used 113352K, capacity 115800K, committed 115888K, reserved 1150976K
  class space    used 13890K, capacity 14765K, committed 14848K, reserved 1048576K
}
Event: 430.492 GC heap before
{Heap before GC invocations=131 (full 0):
 garbage-first heap   total 251904K, used 150570K [0x0000000080000000, 0x0000000100000000)
  region size 1024K, 17 young (17408K), 2 survivors (2048K)
 Metaspace       used 113732K, capacity 116226K, committed 116400K, reserved 1150976K
  class space    used 13897K, capacity 14799K, committed 14848K, reserved 1048576K
}
Event: 430.521 GC heap after
{Heap after GC invocations=132 (full 0):
 garbage-first heap   total 251904K, used 136540K [0x0000000080000000, 0x0000000100000000)
  region size 1024K, 2 young (2048K), 2 survivors (2048K)
 Metaspace       used 113732K, capacity 116226K, committed 116400K, reserved 1150976K
  class space    used 13897K, capacity 14799K, committed 14848K, reserved 1048576K
}
Event: 433.692 GC heap before
{Heap before GC invocations=132 (full 0):
 garbage-first heap   total 251904K, used 155996K [0x0000000080000000, 0x0000000100000000)
  region size 1024K, 21 young (21504K), 2 survivors (2048K)
 Metaspace       used 114053K, capacity 116572K, committed 116656K, reserved 1150976K
  class space    used 13919K, capacity 14848K, committed 14848K, reserved 1048576K
}
Event: 433.732 GC heap after
{Heap after GC invocations=133 (full 0):
 garbage-first heap   total 312320K, used 137018K [0x0000000080000000, 0x0000000100000000)
  region size 1024K, 2 young (2048K), 2 survivors (2048K)
 Metaspace       used 114053K, capacity 116572K, committed 116656K, reserved 1150976K
  class space    used 13919K, capacity 14848K, committed 14848K, reserved 1048576K
}
Event: 439.558 GC heap before
{Heap before GC invocations=133 (full 0):
 garbage-first heap   total 312320K, used 163642K [0x0000000080000000, 0x0000000100000000)
  region size 1024K, 25 young (25600K), 2 survivors (2048K)
 Metaspace       used 116608K, capacity 119138K, committed 119344K, reserved 1153024K
  class space    used 14260K, capacity 15225K, committed 15232K, reserved 1048576K
}
Event: 439.601 GC heap after
{Heap after GC invocations=134 (full 0):
 garbage-first heap   total 312320K, used 139078K [0x0000000080000000, 0x0000000100000000)
  region size 1024K, 4 young (4096K), 4 survivors (4096K)
 Metaspace       used 116608K, capacity 119138K, committed 119344K, reserved 1153024K
  class space    used 14260K, capacity 15225K, committed 15232K, reserved 1048576K
}
Event: 452.059 GC heap before
{Heap before GC invocations=134 (full 0):
 garbage-first heap   total 312320K, used 162630K [0x0000000080000000, 0x0000000100000000)
  region size 1024K, 28 young (28672K), 4 survivors (4096K)
 Metaspace       used 119367K, capacity 121957K, committed 122032K, reserved 1155072K
  class space    used 14623K, capacity 15611K, committed 15616K, reserved 1048576K
}
Event: 452.821 GC heap after
{Heap after GC invocations=135 (full 0):
 garbage-first heap   total 312320K, used 144311K [0x0000000080000000, 0x0000000100000000)
  region size 1024K, 4 young (4096K), 4 survivors (4096K)
 Metaspace       used 119367K, capacity 121957K, committed 122032K, reserved 1155072K
  class space    used 14623K, capacity 15611K, committed 15616K, reserved 1048576K
}
Event: 459.540 GC heap before
{Heap before GC invocations=135 (full 0):
 garbage-first heap   total 312320K, used 155575K [0x0000000080000000, 0x0000000100000000)
  region size 1024K, 15 young (15360K), 4 survivors (4096K)
 Metaspace       used 121074K, capacity 123837K, committed 123952K, reserved 1157120K
  class space    used 14866K, capacity 15957K, committed 16000K, reserved 1048576K
}
Event: 463.330 GC heap after
{Heap after GC invocations=136 (full 0):
 garbage-first heap   total 312320K, used 145783K [0x0000000080000000, 0x0000000100000000)
  region size 1024K, 2 young (2048K), 2 survivors (2048K)
 Metaspace       used 121074K, capacity 123837K, committed 123952K, reserved 1157120K
  class space    used 14866K, capacity 15957K, committed 16000K, reserved 1048576K
}
Event: 477.193 GC heap before
{Heap before GC invocations=136 (full 0):
 garbage-first heap   total 312320K, used 159095K [0x0000000080000000, 0x0000000100000000)
  region size 1024K, 15 young (15360K), 2 survivors (2048K)
 Metaspace       used 123774K, capacity 126692K, committed 126768K, reserved 1159168K
  class space    used 15308K, capacity 16443K, committed 16512K, reserved 1048576K
}
Event: 477.206 GC heap after
{Heap after GC invocations=137 (full 0):
 garbage-first heap   total 312320K, used 146088K [0x0000000080000000, 0x0000000100000000)
  region size 1024K, 2 young (2048K), 2 survivors (2048K)
 Metaspace       used 123774K, capacity 126692K, committed 126768K, reserved 1159168K
  class space    used 15308K, capacity 16443K, committed 16512K, reserved 1048576K
}
Event: 478.180 GC heap before
{Heap before GC invocations=137 (full 0):
 garbage-first heap   total 312320K, used 159400K [0x0000000080000000, 0x0000000100000000)
  region size 1024K, 15 young (15360K), 2 survivors (2048K)
 Metaspace       used 124322K, capacity 127276K, committed 127536K, reserved 1161216K
  class space    used 15336K, capacity 16482K, committed 16512K, reserved 1048576K
}
Event: 478.772 GC heap after
{Heap after GC invocations=138 (full 0):
 garbage-first heap   total 312320K, used 147279K [0x0000000080000000, 0x0000000100000000)
  region size 1024K, 2 young (2048K), 2 survivors (2048K)
 Metaspace       used 124322K, capacity 127276K, committed 127536K, reserved 1161216K
  class space    used 15336K, capacity 16482K, committed 16512K, reserved 1048576K
}
Event: 480.971 GC heap before
{Heap before GC invocations=138 (full 0):
 garbage-first heap   total 312320K, used 160591K [0x0000000080000000, 0x0000000100000000)
  region size 1024K, 15 young (15360K), 2 survivors (2048K)
 Metaspace       used 125539K, capacity 128479K, committed 128688K, reserved 1161216K
  class space    used 15383K, capacity 16528K, committed 16640K, reserved 1048576K
}
Event: 481.408 GC heap after
{Heap after GC invocations=139 (full 0):
 garbage-first heap   total 312320K, used 146377K [0x0000000080000000, 0x0000000100000000)
  region size 1024K, 1 young (1024K), 1 survivors (1024K)
 Metaspace       used 125539K, capacity 128479K, committed 128688K, reserved 1161216K
  class space    used 15383K, capacity 16528K, committed 16640K, reserved 1048576K
}
Event: 482.269 GC heap before
{Heap before GC invocations=139 (full 0):
 garbage-first heap   total 312320K, used 160713K [0x0000000080000000, 0x0000000100000000)
  region size 1024K, 15 young (15360K), 1 survivors (1024K)
 Metaspace       used 125826K, capacity 128858K, committed 128944K, reserved 1161216K
  class space    used 15405K, capacity 16566K, committed 16640K, reserved 1048576K
}

